<?xml version='1.0'?>
<ns2:test-suite xmlns:ns2='urn:model.allure.qatools.yandex.ru' start='1668705402880' stop='1668705543460'>
    <name>Login Alert Box</name>
    <title>Login Alert Box</title>
    <test-cases>
        <test-case start='1668705403038' status='broken' stop='1668705423451'>
            <name>Verify that the alert box text for logging in without credentials is “Please fill out Username and Password.”</name>
            <title>Verify that the alert box text for logging in without credentials is “Please fill out Username and Password.”</title>
            <labels>
                <label name='language' value='javascript'/>
                <label name='framework' value='wdio'/>
                <label name='thread' value='0-1'/>
                <label name='feature' value='Login Alert Box'/>
            </labels>
            <parameters>
                <parameter kind='argument' name='browser' value='Safari-15.6.1'/>
            </parameters>
            <steps>
                <step start='1668705403040' status='passed' stop='1668705410580'>
                    <name>Given I am on the demoblaze homepage</name>
                    <title>Given I am on the demoblaze homepage</title>
                    <attachments/>
                    <steps/>
                </step>
                <step start='1668705410580' status='passed' stop='1668705411533'>
                    <name>When I click the "Log In link"</name>
                    <title>When I click the "Log In link"</title>
                    <attachments/>
                    <steps/>
                </step>
                <step start='1668705411533' status='passed' stop='1668705412703'>
                    <name>And I click the "Log In button"</name>
                    <title>And I click the "Log In button"</title>
                    <attachments/>
                    <steps/>
                </step>
                <step start='1668705412703' status='broken' stop='1668705423451'>
                    <name>Then I verify that the alertbox has the text "Please fill out Username and Password."</name>
                    <title>Then I verify that the alertbox has the text "Please fill out Username and Password."</title>
                    <attachments>
                        <attachment title='Screenshot' source='af53fd9f-cf4a-4e47-9e97-b90d4e142ddb-attachment.png' type='image/png' size='529884'/>
                    </attachments>
                    <steps/>
                </step>
            </steps>
            <attachments/>
            <failure>
                <message>Error: waitUntil condition failed with the following reason: browser.isAlertOpen is not a function</message>
                <stack-trace>Error: waitUntil condition failed with the following reason: browser.isAlertOpen is not a function
                    at C:\Users\fpand\Desktop\git\GroupProjectFall2022\node_modules\webdriverio\build\commands\browser\waitUntil.js:70:15
                    at async Browser.wrapCommandFn (C:\Users\fpand\Desktop\git\GroupProjectFall2022\node_modules\@wdio\utils\build\shim.js:137:29)
                    at async Commands.waitForAlert (C:\Users\fpand\Desktop\git\GroupProjectFall2022\Utils\Commands.js:21:9)
                    at async Commands.getAlertText (C:\Users\fpand\Desktop\git\GroupProjectFall2022\Utils\Commands.js:16:9)
                    at async Homepage.getAlertText (C:\Users\fpand\Desktop\git\GroupProjectFall2022\Pages\Homepage.js:31:16)
                    at async World.&lt;anonymous> (C:\Users\fpand\Desktop\git\GroupProjectFall2022\step-definitions\alertBox.js:68:24)</stack-trace>
            </failure>
        </test-case>
        <test-case start='1668705423453' status='broken' stop='1668705543459'>
            <name>Verify that the alert box text for logging in without credentials is “Please fill out Username and Password.”</name>
            <title>Verify that the alert box text for logging in without credentials is “Please fill out Username and Password.”</title>
            <labels>
                <label name='language' value='javascript'/>
                <label name='framework' value='wdio'/>
                <label name='thread' value='0-1'/>
                <label name='feature' value='Login Alert Box'/>
            </labels>
            <parameters>
                <parameter kind='argument' name='browser' value='Safari-15.6.1'/>
            </parameters>
            <steps>
                <step start='1668705423453' status='broken' stop='1668705543459'>
                    <name>Given I am on the demoblaze homepage</name>
                    <title>Given I am on the demoblaze homepage</title>
                    <attachments/>
                    <steps/>
                </step>
                <step start='1668705543459' status='canceled' stop='1668705543459'>
                    <name>When I click the "Log In link"</name>
                    <title>When I click the "Log In link"</title>
                    <attachments/>
                    <steps/>
                </step>
                <step start='1668705543459' status='canceled' stop='1668705543459'>
                    <name>And I click the "Log In button"</name>
                    <title>And I click the "Log In button"</title>
                    <attachments/>
                    <steps/>
                </step>
                <step start='1668705543459' status='canceled' stop='1668705543459'>
                    <name>Then test</name>
                    <title>Then test</title>
                    <attachments/>
                    <steps/>
                </step>
            </steps>
            <attachments/>
            <failure>
                <message>Error: function timed out, ensure the promise resolves within 60000 milliseconds</message>
                <stack-trace>Error: function timed out, ensure the promise resolves within 60000 milliseconds
                    at Timeout.&lt;anonymous> (C:\Users\fpand\Desktop\git\GroupProjectFall2022\node_modules\@cucumber\cucumber\lib\time.js:64:20)
                    at listOnTimeout (node:internal/timers:559:17)
                    at processTimers (node:internal/timers:502:7)</stack-trace>
            </failure>
        </test-case>
    </test-cases>
</ns2:test-suite>